Arguments: 
  /home/sonnie/.nvm/versions/node/v14.15.1/bin/node /home/sonnie/.nvm/versions/node/v14.15.1/bin/yarn set version 2.4.1

PATH: 
  /home/sonnie/.serverless/bin:/home/sonnie/.nvm/versions/node/v14.15.1/bin:/home/sonnie/.serverless/bin:/home/sonnie/.cargo/bin:/usr/local/sbin:/usr/local/bin:/usr/sbin:/usr/bin:/sbin:/bin:/usr/games:/usr/local/games:/snap/bin

Yarn version: 
  1.22.11

Node version: 
  14.15.1

Platform: 
  linux x64

Trace: 
  Error: Release not found: 2.4.1
      at /home/sonnie/.nvm/versions/node/v14.15.1/lib/node_modules/yarn/lib/cli.js:90309:17
      at Generator.next (<anonymous>)
      at step (/home/sonnie/.nvm/versions/node/v14.15.1/lib/node_modules/yarn/lib/cli.js:310:30)
      at /home/sonnie/.nvm/versions/node/v14.15.1/lib/node_modules/yarn/lib/cli.js:321:13
      at processTicksAndRejections (internal/process/task_queues.js:93:5)

npm manifest: 
  {
    "name": "yarn-plugin-helloworld",
    "main": "./sources/index.ts",
    "dependencies": {
      "@yarnpkg/core": "^3.0.0-rc.9",
      "@yarnpkg/cli": "^3.0.0-rc.9",
      "@yarnpkg/builder": "^3.0.0-rc.9",
      "@types/node": "^14.0.0",
      "clipanion": "^3.0.0-rc.10",
      "typescript": "^4.3.2"
    },
    "scripts": {
      "build": "builder build plugin"
    }
  }

yarn manifest: 
  No manifest

Lockfile: 
  # This file is generated by running "yarn install" inside your project.
  # Manual changes might be lost - proceed with caution!
  
  __metadata:
    version: 4
  
  "first-yarn-plugin@workspace:.":
    version: 0.0.0-use.local
    resolution: "first-yarn-plugin@workspace:."
    languageName: unknown
    linkType: soft
